<?xml version="1.0" encoding="UTF-8"?>
<robot generator="Robot 5.0.1 (Python 3.10.1 on win32)" generated="20230410 01:25:59.214" rpa="false" schemaversion="3">
<suite id="s1" name="My Test" source="C:\workfolder\python project\RobotFramework_Chrome_Setup\test\my_test.robot">
<test id="s1-t1" name="Search For Robot Framework" line="7">
<kw name="Search For Keyword" library="my_keyword">
<arg>Robot Framework</arg>
<kw name="Open Browser" library="SeleniumLibrary">
<arg>https://www.google.com</arg>
<arg>Chrome</arg>
<doc>Opens a new browser instance to the optional ``url``.</doc>
<msg timestamp="20230410 01:25:59.415" level="INFO">Opening browser 'Chrome' to base url 'https://www.google.com'.</msg>
<status status="PASS" starttime="20230410 01:25:59.414" endtime="20230410 01:26:04.382"/>
</kw>
<kw name="Input Text" library="SeleniumLibrary">
<arg>name=q</arg>
<arg>${keyword}</arg>
<doc>Types the given ``text`` into the text field identified by ``locator``.</doc>
<msg timestamp="20230410 01:26:04.382" level="INFO">Typing text 'Robot Framework' into text field 'name=q'.</msg>
<status status="PASS" starttime="20230410 01:26:04.382" endtime="20230410 01:26:04.477"/>
</kw>
<kw name="Submit Form" library="SeleniumLibrary">
<doc>Submits a form identified by ``locator``.</doc>
<msg timestamp="20230410 01:26:04.477" level="INFO">Submitting form 'None'.</msg>
<status status="PASS" starttime="20230410 01:26:04.477" endtime="20230410 01:26:11.120"/>
</kw>
<kw name="Sleep" library="BuiltIn">
<arg>3s</arg>
<doc>Pauses the test executed for the given time.</doc>
<msg timestamp="20230410 01:26:14.135" level="INFO">Slept 3 seconds</msg>
<status status="PASS" starttime="20230410 01:26:11.120" endtime="20230410 01:26:14.135"/>
</kw>
<kw name="Capture Page Screenshot" library="SeleniumLibrary">
<doc>Takes a screenshot of the current page and embeds it into a log file.</doc>
<msg timestamp="20230410 01:26:14.241" level="INFO" html="true">&lt;/td&gt;&lt;/tr&gt;&lt;tr&gt;&lt;td colspan="3"&gt;&lt;a href="selenium-screenshot-1.png"&gt;&lt;img src="selenium-screenshot-1.png" width="800px"&gt;&lt;/a&gt;</msg>
<status status="PASS" starttime="20230410 01:26:14.135" endtime="20230410 01:26:14.241"/>
</kw>
<kw name="Close Browser" library="SeleniumLibrary">
<doc>Closes the current browser.</doc>
<status status="PASS" starttime="20230410 01:26:14.241" endtime="20230410 01:26:16.386"/>
</kw>
<status status="PASS" starttime="20230410 01:25:59.414" endtime="20230410 01:26:16.386"/>
</kw>
<status status="PASS" starttime="20230410 01:25:59.413" endtime="20230410 01:26:16.386"/>
</test>
<doc>My first Robot Framework test case</doc>
<status status="PASS" starttime="20230410 01:25:59.215" endtime="20230410 01:26:16.386"/>
</suite>
<statistics>
<total>
<stat pass="1" fail="0" skip="0">All Tests</stat>
</total>
<tag>
</tag>
<suite>
<stat pass="1" fail="0" skip="0" id="s1" name="My Test">My Test</stat>
</suite>
</statistics>
<errors>
</errors>
</robot>
